GROUP,PACKAGE,CLASS,INSTRUCTION_MISSED,INSTRUCTION_COVERED,BRANCH_MISSED,BRANCH_COVERED,LINE_MISSED,LINE_COVERED,COMPLEXITY_MISSED,COMPLEXITY_COVERED,METHOD_MISSED,METHOD_COVERED
minum,com.renomad.minum,Context,0,69,0,0,0,23,0,15,0,15
minum,com.renomad.minum,ConfigErrorMessage,0,6,0,0,0,4,0,2,0,2
minum,com.renomad.minum,Constants,6,251,1,3,3,45,1,7,0,6
minum,com.renomad.minum.web,FunctionalTesting.TestResponse,21,49,3,3,5,7,4,2,1,2
minum,com.renomad.minum.web,HttpVersion,0,21,0,0,0,2,0,1,0,1
minum,com.renomad.minum.web,Headers,14,290,7,27,0,59,7,26,0,16
minum,com.renomad.minum.web,StartLine.Verb,0,57,0,0,0,10,0,1,0,1
minum,com.renomad.minum.web,InputStreamUtils,45,234,10,22,7,54,11,12,1,6
minum,com.renomad.minum.web,WebEngine,42,342,12,12,6,56,12,19,1,18
minum,com.renomad.minum.web,Response,13,70,0,0,4,15,2,8,2,8
minum,com.renomad.minum.web,SetOfSws,30,114,3,5,4,22,4,9,1,8
minum,com.renomad.minum.web,StartLine.PathDetails,0,20,0,0,0,2,0,2,0,2
minum,com.renomad.minum.web,StatusLine,14,77,3,4,1,13,3,4,0,3
minum,com.renomad.minum.web,FunctionalTesting,30,180,4,4,6,39,4,9,2,7
minum,com.renomad.minum.web,FullSystem,97,266,8,10,27,53,13,11,5,10
minum,com.renomad.minum.web,StatusLine.StatusCode,0,295,0,2,0,42,0,5,0,4
minum,com.renomad.minum.web,SocketWrapper,0,113,0,2,0,27,0,15,0,14
minum,com.renomad.minum.web,Server,22,265,4,8,3,56,7,20,3,18
minum,com.renomad.minum.web,BodyProcessor,39,482,8,40,5,99,8,26,0,10
minum,com.renomad.minum.web,WebFramework,74,728,17,55,15,137,19,54,3,34
minum,com.renomad.minum.web,Body,0,61,0,2,0,16,0,9,0,8
minum,com.renomad.minum.web,StartLine,17,324,8,26,3,59,9,25,1,16
minum,com.renomad.minum.web,Request,0,29,0,0,0,2,0,2,0,2
minum,com.renomad.minum.web,WebFramework.VerbPath,0,9,0,0,0,1,0,1,0,1
minum,com.renomad.minum.testing,TestFramework,67,382,6,32,0,69,6,25,0,12
minum,com.renomad.minum.testing,TestFailureException,0,4,0,0,0,2,0,1,0,1
minum,com.renomad.minum.testing,RegexUtils,2,40,2,2,0,9,2,3,0,3
minum,com.renomad.minum.testing,StopwatchUtils,0,18,0,0,0,7,0,3,0,3
minum,com.renomad.minum.database,DbData,0,3,0,0,0,1,0,1,0,1
minum,com.renomad.minum.database,Db,34,537,8,36,6,119,10,31,2,17
minum,com.renomad.minum.utils,ByteUtils,0,22,0,2,0,4,0,2,0,1
minum,com.renomad.minum.utils,SearchUtils,6,39,0,6,2,8,0,6,0,3
minum,com.renomad.minum.utils,ConcurrentSet,0,43,0,0,0,12,0,7,0,7
minum,com.renomad.minum.utils,StacktraceUtils,0,24,0,0,0,5,0,2,0,2
minum,com.renomad.minum.utils,StringUtils,4,113,2,12,0,31,2,13,0,8
minum,com.renomad.minum.utils,TimeUtils,0,6,0,0,0,1,0,1,0,1
minum,com.renomad.minum.utils,SerializationUtils,2,106,2,8,0,19,2,6,0,3
minum,com.renomad.minum.utils,ThrowingRunnable,0,16,0,0,0,6,0,3,0,3
minum,com.renomad.minum.utils,FileUtils,155,507,10,34,20,97,18,36,9,23
minum,com.renomad.minum.utils,ActionQueue,43,166,5,7,5,41,5,11,0,10
minum,com.renomad.minum.utils,CryptoUtils,10,58,1,3,2,10,1,3,0,2
minum,com.renomad.minum.utils,RunnableWithDescription,6,13,0,0,2,6,2,2,2,2
minum,com.renomad.minum.utils,MyThread,3,4,0,0,2,3,0,1,0,1
minum,com.renomad.minum.utils,InvariantException,0,4,0,0,0,2,0,1,0,1
minum,com.renomad.minum.utils,LRUCache,0,29,0,2,0,6,0,5,0,4
minum,com.renomad.minum.utils,ExtendedExecutor,56,17,10,2,18,4,8,1,2,1
minum,com.renomad.minum.utils,ActionQueueKiller,0,62,3,5,0,14,3,3,0,2
minum,com.renomad.minum.utils,ConcurrentSet.NullEnum,0,9,0,0,0,2,0,1,0,1
minum,com.renomad.minum.utils,Invariants,5,20,1,5,1,8,1,5,0,3
minum,com.renomad.minum.htmlparsing,HtmlParser.QuoteType,1,49,1,5,0,9,1,5,0,3
minum,com.renomad.minum.htmlparsing,ParsingException,0,9,0,0,0,4,0,2,0,2
minum,com.renomad.minum.htmlparsing,HtmlParseNode,2,128,3,13,1,22,3,12,0,7
minum,com.renomad.minum.htmlparsing,HtmlParser.State,0,77,0,0,0,19,0,2,0,2
minum,com.renomad.minum.htmlparsing,TagInfo,0,16,0,0,0,2,0,2,0,2
minum,com.renomad.minum.htmlparsing,HtmlParser,11,664,6,102,3,148,6,56,0,8
minum,com.renomad.minum.htmlparsing,ParseNodeType,0,15,0,0,0,3,0,1,0,1
minum,com.renomad.minum.htmlparsing,TagName,0,781,0,0,0,28,0,2,0,2
minum,com.renomad.minum.security,TheBrig,39,310,8,16,8,60,10,19,2,15
minum,com.renomad.minum.security,TheBrig.Inmate,29,50,0,0,7,10,3,5,3,5
minum,com.renomad.minum.security,UnderInvestigation,0,38,0,0,0,6,0,3,0,3
minum,com.renomad.minum.templating,TemplateProcessor,0,144,4,18,0,26,4,10,0,3
minum,com.renomad.minum.templating,TemplateSection,3,56,3,9,0,9,3,5,0,2
minum,com.renomad.minum.templating,TemplateRenderException,0,4,0,0,0,2,0,1,0,1
minum,com.renomad.minum.logging,TestLogger,44,226,6,8,6,54,5,14,0,12
minum,com.renomad.minum.logging,LoggingLevel,0,27,0,0,0,5,0,1,0,1
minum,com.renomad.minum.logging,Logger,11,151,4,6,2,37,4,11,0,10
minum,com.renomad.minum.logging,LoggingActionQueue,70,115,7,5,9,31,6,7,0,7
minum,com.renomad.minum.exceptions,ForbiddenUseException,0,4,0,0,0,2,0,1,0,1
